This is pdfTeX, Version 3.141592653-2.6-1.40.24 (TeX Live 2022) (preloaded format=pdflatex 2022.6.28)  2 JUL 2022 03:04
entering extended mode
 restricted \write18 enabled.
 %&-line parsing enabled.
**main.tex
(./main.tex
LaTeX2e <2022-06-01> patch level 3
L3 programming layer <2022-06-16>
(c:/texlive/2022/texmf-dist/tex/latex/base/book.cls
Document Class: book 2021/10/04 v1.4n Standard LaTeX document class
(c:/texlive/2022/texmf-dist/tex/latex/base/bk12.clo
File: bk12.clo 2021/10/04 v1.4n Standard LaTeX file (size option)
)
\c@part=\count185
\c@chapter=\count186
\c@section=\count187
\c@subsection=\count188
\c@subsubsection=\count189
\c@paragraph=\count190
\c@subparagraph=\count191
\c@figure=\count192
\c@table=\count193
\abovecaptionskip=\skip47
\belowcaptionskip=\skip48
\bibindent=\dimen138
)
(c:/Users/Ferna/Documents/.Hector/Librario/commons/tex/latex/local/omi2.sty
Package: omi2 2014/08/21 OMI package v2

(c:/texlive/2022/texmf-dist/tex/latex/graphics/graphicx.sty
Package: graphicx 2021/09/16 v1.2d Enhanced LaTeX Graphics (DPC,SPQR)

(c:/texlive/2022/texmf-dist/tex/latex/graphics/keyval.sty
Package: keyval 2022/05/29 v1.15 key=value parser (DPC)
\KV@toks@=\toks16
)
(c:/texlive/2022/texmf-dist/tex/latex/graphics/graphics.sty
Package: graphics 2022/03/10 v1.4e Standard LaTeX Graphics (DPC,SPQR)

(c:/texlive/2022/texmf-dist/tex/latex/graphics/trig.sty
Package: trig 2021/08/11 v1.11 sin cos tan (DPC)
)
(c:/texlive/2022/texmf-dist/tex/latex/graphics-cfg/graphics.cfg
File: graphics.cfg 2016/06/04 v1.11 sample graphics configuration
)
Package graphics Info: Driver file: pdftex.def on input line 107.

(c:/texlive/2022/texmf-dist/tex/latex/graphics-def/pdftex.def
File: pdftex.def 2020/10/05 v1.2a Graphics/color driver for pdftex
))
\Gin@req@height=\dimen139
\Gin@req@width=\dimen140
)
(c:/texlive/2022/texmf-dist/tex/latex/setspace/setspace.sty
Package: setspace 2011/12/19 v6.7a set line spacing
)
(c:/texlive/2022/texmf-dist/tex/latex/amsmath/amsmath.sty
Package: amsmath 2022/04/08 v2.17n AMS math features
\@mathmargin=\skip49

For additional information on amsmath, use the `?' option.
(c:/texlive/2022/texmf-dist/tex/latex/amsmath/amstext.sty
Package: amstext 2021/08/26 v2.01 AMS text

(c:/texlive/2022/texmf-dist/tex/latex/amsmath/amsgen.sty
File: amsgen.sty 1999/11/30 v2.0 generic functions
\@emptytoks=\toks17
\ex@=\dimen141
))
(c:/texlive/2022/texmf-dist/tex/latex/amsmath/amsbsy.sty
Package: amsbsy 1999/11/29 v1.2d Bold Symbols
\pmbraise@=\dimen142
)
(c:/texlive/2022/texmf-dist/tex/latex/amsmath/amsopn.sty
Package: amsopn 2022/04/08 v2.04 operator names
)
\inf@bad=\count194
LaTeX Info: Redefining \frac on input line 234.
\uproot@=\count195
\leftroot@=\count196
LaTeX Info: Redefining \overline on input line 399.
LaTeX Info: Redefining \colon on input line 410.
\classnum@=\count197
\DOTSCASE@=\count198
LaTeX Info: Redefining \ldots on input line 496.
LaTeX Info: Redefining \dots on input line 499.
LaTeX Info: Redefining \cdots on input line 620.
\Mathstrutbox@=\box51
\strutbox@=\box52
LaTeX Info: Redefining \big on input line 722.
LaTeX Info: Redefining \Big on input line 723.
LaTeX Info: Redefining \bigg on input line 724.
LaTeX Info: Redefining \Bigg on input line 725.
\big@size=\dimen143
LaTeX Font Info:    Redeclaring font encoding OML on input line 743.
LaTeX Font Info:    Redeclaring font encoding OMS on input line 744.
\macc@depth=\count199
LaTeX Info: Redefining \bmod on input line 905.
LaTeX Info: Redefining \pmod on input line 910.
LaTeX Info: Redefining \smash on input line 940.
LaTeX Info: Redefining \relbar on input line 970.
LaTeX Info: Redefining \Relbar on input line 971.
\c@MaxMatrixCols=\count266
\dotsspace@=\muskip16
\c@parentequation=\count267
\dspbrk@lvl=\count268
\tag@help=\toks18
\row@=\count269
\column@=\count270
\maxfields@=\count271
\andhelp@=\toks19
\eqnshift@=\dimen144
\alignsep@=\dimen145
\tagshift@=\dimen146
\tagwidth@=\dimen147
\totwidth@=\dimen148
\lineht@=\dimen149
\@envbody=\toks20
\multlinegap=\skip50
\multlinetaggap=\skip51
\mathdisplay@stack=\toks21
LaTeX Info: Redefining \[ on input line 2953.
LaTeX Info: Redefining \] on input line 2954.
)
(c:/texlive/2022/texmf-dist/tex/latex/multirow/multirow.sty
Package: multirow 2021/03/15 v2.8 Span multiple rows of a table
\multirow@colwidth=\skip52
\multirow@cntb=\count272
\multirow@dima=\skip53
\bigstrutjot=\dimen150
)
(c:/texlive/2022/texmf-dist/tex/latex/makecell/makecell.sty
Package: makecell 2009/08/03 V0.1e Managing of Tab Column Heads and Cells

(c:/texlive/2022/texmf-dist/tex/latex/tools/array.sty
Package: array 2022/03/10 v2.5f Tabular extension package (FMi)
\col@sep=\dimen151
\ar@mcellbox=\box53
\extrarowheight=\dimen152
\NC@list=\toks22
\extratabsurround=\skip54
\backup@length=\skip55
\ar@cellbox=\box54
)
\rotheadsize=\dimen153
\c@nlinenum=\count273
\TeXr@lab=\toks23
)
(c:/texlive/2022/texmf-dist/tex/latex/parskip/parskip.sty
Package: parskip 2021-03-14 v2.0h non-zero parskip adjustments

(c:/texlive/2022/texmf-dist/tex/latex/kvoptions/kvoptions.sty
Package: kvoptions 2022-06-15 v3.15 Key value format for package options (HO)

(c:/texlive/2022/texmf-dist/tex/generic/ltxcmds/ltxcmds.sty
Package: ltxcmds 2020-05-10 v1.25 LaTeX kernel commands for general use (HO)
)
(c:/texlive/2022/texmf-dist/tex/generic/kvsetkeys/kvsetkeys.sty
Package: kvsetkeys 2019/12/15 v1.18 Key value parser (HO)
))
(c:/texlive/2022/texmf-dist/tex/latex/etoolbox/etoolbox.sty
Package: etoolbox 2020/10/05 v2.5k e-TeX tools for LaTeX (JAW)
\etb@tempcnta=\count274
))
(c:/texlive/2022/texmf-dist/tex/latex/listings/listings.sty
\lst@mode=\count275
\lst@gtempboxa=\box55
\lst@token=\toks24
\lst@length=\count276
\lst@currlwidth=\dimen154
\lst@column=\count277
\lst@pos=\count278
\lst@lostspace=\dimen155
\lst@width=\dimen156
\lst@newlines=\count279
\lst@lineno=\count280
\lst@maxwidth=\dimen157

(c:/texlive/2022/texmf-dist/tex/latex/listings/lstmisc.sty
File: lstmisc.sty 2020/03/24 1.8d (Carsten Heinz)
\c@lstnumber=\count281
\lst@skipnumbers=\count282
\lst@framebox=\box56
)
(c:/texlive/2022/texmf-dist/tex/latex/listings/listings.cfg
File: listings.cfg 2020/03/24 1.8d listings configuration
))
Package: listings 2020/03/24 1.8d (Carsten Heinz)

(c:/texlive/2022/texmf-dist/tex/latex/graphics/color.sty
Package: color 2022/01/06 v1.3d Standard LaTeX Color (DPC)

(c:/texlive/2022/texmf-dist/tex/latex/graphics-cfg/color.cfg
File: color.cfg 2016/01/02 v1.6 sample color configuration
)
Package color Info: Driver file: pdftex.def on input line 149.

(c:/texlive/2022/texmf-dist/tex/latex/graphics/mathcolor.ltx))
(c:/texlive/2022/texmf-dist/tex/latex/environ/environ.sty
Package: environ 2014/05/04 v0.3 A new way to define environments

(c:/texlive/2022/texmf-dist/tex/latex/trimspaces/trimspaces.sty
Package: trimspaces 2009/09/17 v1.1 Trim spaces around a token list
))
(c:/texlive/2022/texmf-dist/tex/latex/hyperref/hyperref.sty
Package: hyperref 2022-06-20 v7.00s Hypertext links for LaTeX

(c:/texlive/2022/texmf-dist/tex/generic/iftex/iftex.sty
Package: iftex 2022/02/03 v1.0f TeX engine tests
)
(c:/texlive/2022/texmf-dist/tex/generic/pdftexcmds/pdftexcmds.sty
Package: pdftexcmds 2020-06-27 v0.33 Utility functions of pdfTeX for LuaTeX (HO
)

(c:/texlive/2022/texmf-dist/tex/generic/infwarerr/infwarerr.sty
Package: infwarerr 2019/12/03 v1.5 Providing info/warning/error messages (HO)
)
Package pdftexcmds Info: \pdf@primitive is available.
Package pdftexcmds Info: \pdf@ifprimitive is available.
Package pdftexcmds Info: \pdfdraftmode found.
)
(c:/texlive/2022/texmf-dist/tex/generic/kvdefinekeys/kvdefinekeys.sty
Package: kvdefinekeys 2019-12-19 v1.6 Define keys (HO)
)
(c:/texlive/2022/texmf-dist/tex/generic/pdfescape/pdfescape.sty
Package: pdfescape 2019/12/09 v1.15 Implements pdfTeX's escape features (HO)
)
(c:/texlive/2022/texmf-dist/tex/latex/hycolor/hycolor.sty
Package: hycolor 2020-01-27 v1.10 Color options for hyperref/bookmark (HO)
)
(c:/texlive/2022/texmf-dist/tex/latex/letltxmacro/letltxmacro.sty
Package: letltxmacro 2019/12/03 v1.6 Let assignment for LaTeX macros (HO)
)
(c:/texlive/2022/texmf-dist/tex/latex/auxhook/auxhook.sty
Package: auxhook 2019-12-17 v1.6 Hooks for auxiliary files (HO)
)
(c:/texlive/2022/texmf-dist/tex/latex/hyperref/nameref.sty
Package: nameref 2022-05-17 v2.50 Cross-referencing by name of section

(c:/texlive/2022/texmf-dist/tex/latex/refcount/refcount.sty
Package: refcount 2019/12/15 v3.6 Data extraction from label references (HO)
)
(c:/texlive/2022/texmf-dist/tex/generic/gettitlestring/gettitlestring.sty
Package: gettitlestring 2019/12/15 v1.6 Cleanup title references (HO)
)
\c@section@level=\count283
)
\@linkdim=\dimen158
\Hy@linkcounter=\count284
\Hy@pagecounter=\count285

(c:/texlive/2022/texmf-dist/tex/latex/hyperref/pd1enc.def
File: pd1enc.def 2022-06-20 v7.00s Hyperref: PDFDocEncoding definition (HO)
Now handling font encoding PD1 ...
... no UTF-8 mapping file for font encoding PD1
)
(c:/texlive/2022/texmf-dist/tex/generic/intcalc/intcalc.sty
Package: intcalc 2019/12/15 v1.3 Expandable calculations with integers (HO)
)
(c:/texlive/2022/texmf-dist/tex/generic/etexcmds/etexcmds.sty
Package: etexcmds 2019/12/15 v1.7 Avoid name clashes with e-TeX commands (HO)
)
\Hy@SavedSpaceFactor=\count286

(c:/texlive/2022/texmf-dist/tex/latex/hyperref/puenc.def
File: puenc.def 2022-06-20 v7.00s Hyperref: PDF Unicode definition (HO)
Now handling font encoding PU ...
... no UTF-8 mapping file for font encoding PU
)
Package hyperref Info: Hyper figures OFF on input line 4162.
Package hyperref Info: Link nesting OFF on input line 4167.
Package hyperref Info: Hyper index ON on input line 4170.
Package hyperref Info: Plain pages OFF on input line 4177.
Package hyperref Info: Backreferencing OFF on input line 4182.
Package hyperref Info: Implicit mode ON; LaTeX internals redefined.
Package hyperref Info: Bookmarks ON on input line 4408.
\c@Hy@tempcnt=\count287

(c:/texlive/2022/texmf-dist/tex/latex/url/url.sty
\Urlmuskip=\muskip17
Package: url 2013/09/16  ver 3.4  Verb mode for urls, etc.
)
LaTeX Info: Redefining \url on input line 4746.
\XeTeXLinkMargin=\dimen159

(c:/texlive/2022/texmf-dist/tex/generic/bitset/bitset.sty
Package: bitset 2019/12/09 v1.3 Handle bit-vector datatype (HO)

(c:/texlive/2022/texmf-dist/tex/generic/bigintcalc/bigintcalc.sty
Package: bigintcalc 2019/12/15 v1.5 Expandable calculations on big integers (HO
)
))
\Fld@menulength=\count288
\Field@Width=\dimen160
\Fld@charsize=\dimen161
Package hyperref Info: Hyper figures OFF on input line 6024.
Package hyperref Info: Link nesting OFF on input line 6029.
Package hyperref Info: Hyper index ON on input line 6032.
Package hyperref Info: backreferencing OFF on input line 6039.
Package hyperref Info: Link coloring OFF on input line 6044.
Package hyperref Info: Link coloring with OCG OFF on input line 6049.
Package hyperref Info: PDF/A mode OFF on input line 6054.

(c:/texlive/2022/texmf-dist/tex/latex/base/atbegshi-ltx.sty
Package: atbegshi-ltx 2021/01/10 v1.0c Emulation of the original atbegshi
package with kernel methods
)
\Hy@abspage=\count289
\c@Item=\count290
\c@Hfootnote=\count291
)
Package hyperref Info: Driver (autodetected): hpdftex.

(c:/texlive/2022/texmf-dist/tex/latex/hyperref/hpdftex.def
File: hpdftex.def 2022-06-20 v7.00s Hyperref driver for pdfTeX

(c:/texlive/2022/texmf-dist/tex/latex/base/atveryend-ltx.sty
Package: atveryend-ltx 2020/08/19 v1.0a Emulation of the original atveryend pac
kage
with kernel methods
)
\Fld@listcount=\count292
\c@bookmark@seq@number=\count293

(c:/texlive/2022/texmf-dist/tex/latex/rerunfilecheck/rerunfilecheck.sty
Package: rerunfilecheck 2019/12/05 v1.9 Rerun checks for auxiliary files (HO)

(c:/texlive/2022/texmf-dist/tex/generic/uniquecounter/uniquecounter.sty
Package: uniquecounter 2019/12/15 v1.4 Provide unlimited unique counter (HO)
)
Package uniquecounter Info: New unique counter `rerunfilecheck' on input line 2
86.
)
\Hy@SectionHShift=\skip56
)
(c:/texlive/2022/texmf-dist/tex/latex/qtree/qtree.sty
Package: 2008/12/12 v.3.1bQtree: tree-drawing for linguistics
Package: qtree 2008/12/12 v.3.1bQtree: tree-drawing for linguistics
(c:/texlive/2022/texmf-dist/tex/latex/pict2e/pict2e.sty
Package: pict2e 2020/09/30 v0.4b Improved picture commands (HjG,RN,JT)

(c:/texlive/2022/texmf-dist/tex/latex/pict2e/pict2e.cfg
File: pict2e.cfg 2016/02/05 v0.1u pict2e configuration for teTeX/TeXLive
)
Package pict2e Info: Driver file: pdftex.def on input line 112.
Package pict2e Info: Driver file for pict2e: p2e-pdftex.def on input line 114.

(c:/texlive/2022/texmf-dist/tex/latex/pict2e/p2e-pdftex.def
File: p2e-pdftex.def 2016/02/05 v0.1u Driver-dependant file (RN,HjG,JT)
)
\pIIe@GRAPH=\toks25
\@arclen=\dimen162
\@arcrad=\dimen163
\pIIe@tempdima=\dimen164
\pIIe@tempdimb=\dimen165
\pIIe@tempdimc=\dimen166
\pIIe@tempdimd=\dimen167
\pIIe@tempdime=\dimen168
\pIIe@tempdimf=\dimen169
)
\c@treecount=\count294
\c@branchcount=\count295
\parentbox=\box57
\treebox=\box58
\treeboxone=\box59
\treeboxtwo=\box60
\treeboxthree=\box61
\treeboxfour=\box62
\treeboxfive=\box63
\treeboxsix=\box64
\treeboxseven=\box65
\treeboxeight=\box66
\treeboxnine=\box67
\treeboxten=\box68
\treeboxeleven=\box69
\treeboxtwelve=\box70
\treeboxthirteen=\box71
\treeboxfourteen=\box72
\treeboxfifteen=\box73
\treeboxsixteen=\box74
\treeboxseventeen=\box75
\treeboxeighteen=\box76
\treeboxnineteen=\box77
\treeboxtwenty=\box78
\treeoffsetone=\skip57
\treeoffsettwo=\skip58
\treeoffsetthree=\skip59
\treeoffsetfour=\skip60
\treeoffsetfive=\skip61
\treeoffsetsix=\skip62
\treeoffsetseven=\skip63
\treeoffseteight=\skip64
\treeoffsetnine=\skip65
\treeoffsetten=\skip66
\treeoffseteleven=\skip67
\treeoffsettwelve=\skip68
\treeoffsetthirteen=\skip69
\treeoffsetfourteen=\skip70
\treeoffsetfifteen=\skip71
\treeoffsetsixteen=\skip72
\treeoffsetseventeen=\skip73
\treeoffseteighteen=\skip74
\treeoffsetnineteen=\skip75
\treeoffsettwenty=\skip76
\treeshiftone=\skip77
\treeshifttwo=\skip78
\treeshiftthree=\skip79
\treeshiftfour=\skip80
\treeshiftfive=\skip81
\treeshiftsix=\skip82
\treeshiftseven=\skip83
\treeshifteight=\skip84
\treeshiftnine=\skip85
\treeshiftten=\skip86
\treeshifteleven=\skip87
\treeshifttwelve=\skip88
\treeshiftthirteen=\skip89
\treeshiftfourteen=\skip90
\treeshiftfifteen=\skip91
\treeshiftsixteen=\skip92
\treeshiftseventeen=\skip93
\treeshifteighteen=\skip94
\treeshiftnineteen=\skip95
\treeshifttwenty=\skip96
\treewidthone=\skip97
\treewidthtwo=\skip98
\treewidththree=\skip99
\treewidthfour=\skip100
\treewidthfive=\skip101
\treewidthsix=\skip102
\treewidthseven=\skip103
\treewidtheight=\skip104
\treewidthnine=\skip105
\treewidthten=\skip106
\treewidtheleven=\skip107
\treewidthtwelve=\skip108
\treewidththirteen=\skip109
\treewidthfourteen=\skip110
\treewidthfifteen=\skip111
\treewidthsixteen=\skip112
\treewidthseventeen=\skip113
\treewidtheighteen=\skip114
\treewidthnineteen=\skip115
\treewidthtwenty=\skip116
\daughteroffsetone=\skip117
\daughteroffsettwo=\skip118
\daughteroffsetthree=\skip119
\daughteroffsetfour=\skip120
\branchwidthone=\skip121
\branchwidthtwo=\skip122
\branchwidththree=\skip123
\branchwidthfour=\skip124
\parentoffset=\skip125
\treeoffset=\skip126
\daughteroffset=\skip127
\branchwidth=\skip128
\parentwidth=\skip129
\treewidth=\skip130
\qta=\toks26
\qtb=\toks27
\nbranches=\count296
\qroofx=\count297
\qroofy=\count298
\@qrscratchbox=\box79
)
(c:/texlive/2022/texmf-dist/tex/generic/babel/babel.sty
Package: babel 2022/06/26 3.77 The Babel package
\babel@savecnt=\count299
\U@D=\dimen170
\l@unhyphenated=\language87

(c:/texlive/2022/texmf-dist/tex/generic/babel/txtbabel.def)
\bbl@readstream=\read2
\bbl@dirlevel=\count300

(c:/texlive/2022/texmf-dist/tex/generic/babel-spanish/spanish.ldf
Language: spanish.ldf 2021/05/27 v5.0q Spanish support from the babel system
\es@quottoks=\toks28
\es@quotdepth=\count301
Package babel Info: Making " an active character on input line 570.
))
(c:/texlive/2022/texmf-dist/tex/generic/babel/locale/es/babel-spanish.tex
Package babel Info: Importing font and identification data for spanish
(babel)             from babel-es.ini. Reported on input line 11.
)
(c:/texlive/2022/texmf-dist/tex/latex/listings/lstlang1.sty
File: lstlang1.sty 2020/03/24 1.8d listings language file
)
(c:/texlive/2022/texmf-dist/tex/latex/listings/lstlang1.sty
File: lstlang1.sty 2020/03/24 1.8d listings language file
)
(c:/texlive/2022/texmf-dist/tex/latex/listings/lstmisc.sty
File: lstmisc.sty 2020/03/24 1.8d (Carsten Heinz)
)
\c@exercise=\count302
)
(c:/texlive/2022/texmf-dist/tex/latex/geometry/geometry.sty
Package: geometry 2020/01/02 v5.9 Page Geometry

(c:/texlive/2022/texmf-dist/tex/generic/iftex/ifvtex.sty
Package: ifvtex 2019/10/25 v1.7 ifvtex legacy package. Use iftex instead.
)
\Gm@cnth=\count303
\Gm@cntv=\count304
\c@Gm@tempcnt=\count305
\Gm@bindingoffset=\dimen171
\Gm@wd@mp=\dimen172
\Gm@odd@mp=\dimen173
\Gm@even@mp=\dimen174
\Gm@layoutwidth=\dimen175
\Gm@layoutheight=\dimen176
\Gm@layouthoffset=\dimen177
\Gm@layoutvoffset=\dimen178
\Gm@dimlist=\toks29
)
(c:/texlive/2022/texmf-dist/tex/latex/l3backend/l3backend-pdftex.def
File: l3backend-pdftex.def 2022-04-20 L3 backend support: PDF output (pdfTeX)
\l__color_backend_stack_int=\count306
\l__pdf_internal_box=\box80
)
(./main.aux
LaTeX Info: Redefining \. on input line 19.
LaTeX Info: Redefining \% on input line 19.
 (./parte-2/exhaustiva/busqueda-exhaustiva.aux)
(./parte-2/exhaustiva/busqueda-lineal.aux)
(./parte-2/exhaustiva/busqueda-lineal-funcion.aux)
(./parte-2/exhaustiva/busqueda-pares.aux)
(./parte-2/exhaustiva/busqueda-ordenes.aux)
(./parte-2/exhaustiva/busqueda-subconjuntos.aux)
(./parte-2/exhaustiva/busqueda-recursiva.aux)
(./parte-2/exhaustiva/problemas-de-practica.aux)
(./parte-2/podas/busqueda-con-podas.aux) (./parte-2/estados/DFS.aux)
(./parte-2/estados/BFS.aux) (./parte-2/binaria/busqueda-binaria.aux)
(./parte-2/binaria/busqueda-binaria-funcion.aux)
(./parte-2/binaria/busqueda-binaria-reales.aux)
(./parte-2/binaria/problemas-de-practica.aux))
\openout1 = `main.aux'.

LaTeX Font Info:    Checking defaults for OML/cmm/m/it on input line 4.
LaTeX Font Info:    ... okay on input line 4.
LaTeX Font Info:    Checking defaults for OMS/cmsy/m/n on input line 4.
LaTeX Font Info:    ... okay on input line 4.
LaTeX Font Info:    Checking defaults for OT1/cmr/m/n on input line 4.
LaTeX Font Info:    ... okay on input line 4.
LaTeX Font Info:    Checking defaults for T1/cmr/m/n on input line 4.
LaTeX Font Info:    ... okay on input line 4.
LaTeX Font Info:    Checking defaults for TS1/cmr/m/n on input line 4.
LaTeX Font Info:    ... okay on input line 4.
LaTeX Font Info:    Checking defaults for OMX/cmex/m/n on input line 4.
LaTeX Font Info:    ... okay on input line 4.
LaTeX Font Info:    Checking defaults for U/cmr/m/n on input line 4.
LaTeX Font Info:    ... okay on input line 4.
LaTeX Font Info:    Checking defaults for PD1/pdf/m/n on input line 4.
LaTeX Font Info:    ... okay on input line 4.
LaTeX Font Info:    Checking defaults for PU/pdf/m/n on input line 4.
LaTeX Font Info:    ... okay on input line 4.

(c:/texlive/2022/texmf-dist/tex/context/base/mkii/supp-pdf.mkii
[Loading MPS to PDF converter (version 2006.09.02).]
\scratchcounter=\count307
\scratchdimen=\dimen179
\scratchbox=\box81
\nofMPsegments=\count308
\nofMParguments=\count309
\everyMPshowfont=\toks30
\MPscratchCnt=\count310
\MPscratchDim=\dimen180
\MPnumerator=\count311
\makeMPintoPDFobject=\count312
\everyMPtoPDFconversion=\toks31
) (c:/texlive/2022/texmf-dist/tex/latex/epstopdf-pkg/epstopdf-base.sty
Package: epstopdf-base 2020-01-24 v2.11 Base part for package epstopdf
Package epstopdf-base Info: Redefining graphics rule for `.eps' on input line 4
85.

(c:/texlive/2022/texmf-dist/tex/latex/latexconfig/epstopdf-sys.cfg
File: epstopdf-sys.cfg 2010/07/13 v1.3 Configuration of (r)epstopdf for TeX Liv
e
))
\c@lstlisting=\count313
Package hyperref Info: Link coloring OFF on input line 4.

(./main.out) (./main.out)
\@outlinefile=\write3
\openout3 = `main.out'.

LaTeX Info: Redefining \. on input line 4.
LaTeX Info: Redefining \% on input line 4.

*geometry* driver: auto-detecting
*geometry* detected driver: pdftex
*geometry* verbose mode - [ preamble ] result:
* driver: pdftex
* paper: custom
* layout: <same size as paper>
* layoutoffset:(h,v)=(0.0pt,0.0pt)
* modes: twoside 
* h-part:(L,W,R)=(72.26999pt, 357.01323pt, 58.53928pt)
* v-part:(T,H,B)=(78.0524pt, 455.299pt, 117.0786pt)
* \paperwidth=487.8225pt
* \paperheight=650.43pt
* \textwidth=357.01323pt
* \textheight=455.299pt
* \oddsidemargin=0.0pt
* \evensidemargin=-13.73071pt
* \topmargin=-26.09138pt
* \headheight=12.0pt
* \headsep=19.8738pt
* \topskip=12.0pt
* \footskip=30.0pt
* \marginparwidth=98.0pt
* \marginparsep=7.0pt
* \columnsep=10.0pt
* \skip\footins=10.8pt plus 4.0pt minus 2.0pt
* \hoffset=0.0pt
* \voffset=0.0pt
* \mag=1000
* \@twocolumnfalse
* \@twosidetrue
* \@mparswitchtrue
* \@reversemarginfalse
* (1in=72.27pt=25.4mm, 1cm=28.453pt)

[1



{c:/texlive/2022/texmf-var/fonts/map/pdftex/updmap/pdftex.map}] [2

]
(./main.toc
LaTeX Info: Redefining \. on input line 1.
LaTeX Info: Redefining \% on input line 1.
 [3])
\tf@toc=\write4
\openout4 = `main.toc'.

LaTeX Info: Redefining \. on input line 15.
LaTeX Info: Redefining \% on input line 15.
 [4] [1


] [2] [3

] [4]
\openout2 = `parte-2/exhaustiva/busqueda-exhaustiva.aux'.


(./parte-2/exhaustiva/busqueda-exhaustiva.tex
Cap\'{\i }tulo 1.

Underfull \vbox (badness 10000) has occurred while \output is active []

 [5


]
Overfull \hbox (7.16225pt too wide) in paragraph at lines 21--22
[]\OT1/cmr/m/n/12 Y ter-mi-na-re-mos es-te ca-pi-tu-lo apren-dien-do co-mo ha-c
er b^^Susque-da exhaus-
 []

)
LaTeX Info: Redefining \. on input line 20.
LaTeX Info: Redefining \% on input line 20.
 [6]
\openout2 = `parte-2/exhaustiva/busqueda-lineal.aux'.

 (./parte-2/exhaustiva/busqueda-lineal.tex
Underfull \vbox (badness 6493) has occurred while \output is active []

LaTeX Info: Redefining \. on input line 27.
LaTeX Info: Redefining \% on input line 27.
 [7



]
LaTeX Info: Redefining \. on input line 59.
LaTeX Info: Redefining \% on input line 59.

[8]
LaTeX Info: Redefining \. on input line 85.
LaTeX Info: Redefining \% on input line 85.
 [9])
LaTeX Info: Redefining \. on input line 21.
LaTeX Info: Redefining \% on input line 21.
 [10]
\openout2 = `parte-2/exhaustiva/busqueda-lineal-funcion.aux'.

 (./parte-2/exhaustiva/busqueda-lineal-funcion.tex
LaTeX Info: Redefining \. on input line 31.
LaTeX Info: Redefining \% on input line 31.
 [11



]
LaTeX Info: Redefining \. on input line 54.
LaTeX Info: Redefining \% on input line 54.
 [12]
Underfull \vbox (badness 10000) has occurred while \output is active []

LaTeX Info: Redefining \. on input line 82.
LaTeX Info: Redefining \% on input line 82.
 [13])
LaTeX Info: Redefining \. on input line 22.
LaTeX Info: Redefining \% on input line 22.

[14]
\openout2 = `parte-2/exhaustiva/busqueda-pares.aux'.

 (./parte-2/exhaustiva/busqueda-pares.tex
LaTeX Info: Redefining \. on input line 27.
LaTeX Info: Redefining \% on input line 27.
 [15



]
LaTeX Info: Redefining \. on input line 61.
LaTeX Info: Redefining \% on input line 61.
 [16]
Underfull \vbox (badness 10000) has occurred while \output is active []

LaTeX Info: Redefining \. on input line 90.
LaTeX Info: Redefining \% on input line 90.
 [17])
LaTeX Info: Redefining \. on input line 23.
LaTeX Info: Redefining \% on input line 23.

[18]
\openout2 = `parte-2/exhaustiva/busqueda-ordenes.aux'.

 (./parte-2/exhaustiva/busqueda-ordenes.tex)
LaTeX Info: Redefining \. on input line 24.
LaTeX Info: Redefining \% on input line 24.
 [19



]
\openout2 = `parte-2/exhaustiva/busqueda-subconjuntos.aux'.


(./parte-2/exhaustiva/busqueda-subconjuntos.tex
Underfull \vbox (badness 10000) has occurred while \output is active []

LaTeX Info: Redefining \. on input line 17.
LaTeX Info: Redefining \% on input line 17.
 [20



]
Underfull \vbox (badness 10000) has occurred while \output is active []

LaTeX Info: Redefining \. on input line 62.
LaTeX Info: Redefining \% on input line 62.
 [21]
LaTeX Info: Redefining \. on input line 81.
LaTeX Info: Redefining \% on input line 81.

[22]
<resources/images/subconjuntos1.png, id=406, 1339.25343pt x 919.93687pt>
File: resources/images/subconjuntos1.png Graphic file (type png)
<use resources/images/subconjuntos1.png>
Package pdftex.def Info: resources/images/subconjuntos1.png  used on input line
 88.
(pdftex.def)             Requested size: 200.87935pt x 137.98457pt.

Overfull \hbox (3.7233pt too wide) in paragraph at lines 95--96
[]\OT1/cmr/m/n/12 Si lo quie-res ver en for-mu-la ser^^S^^Pa si-mi-lar a $\OML/
cmm/m/it/12 S\OT1/cmr/m/n/12 (\OML/cmm/m/it/12 ABCD\OT1/cmr/m/n/12 ) = \OML/cmm
/m/it/12 A \OMS/cmsy/m/n/12 ! \OML/cmm/m/it/12 S\OT1/cmr/m/n/12 (\OML/cmm/m/it/
12 BCD\OT1/cmr/m/n/12 ) \OMS/cmsy/m/n/12 [
 []


Underfull \vbox (badness 2111) has occurred while \output is active []

LaTeX Info: Redefining \. on input line 101.
LaTeX Info: Redefining \% on input line 101.
 [23 <./resources/images/subconjuntos1.png>]
Underfull \vbox (badness 10000) has occurred while \output is active []

LaTeX Info: Redefining \. on input line 105.
LaTeX Info: Redefining \% on input line 105.
 [24]
Underfull \vbox (badness 10000) has occurred while \output is active []

LaTeX Info: Redefining \. on input line 138.
LaTeX Info: Redefining \% on input line 138.
 [25]
<resources/images/AB.png, id=452, 1882.03125pt x 770.88pt>
File: resources/images/AB.png Graphic file (type png)
<use resources/images/AB.png>
Package pdftex.def Info: resources/images/AB.png  used on input line 146.
(pdftex.def)             Requested size: 282.29251pt x 115.627pt.
LaTeX Info: Redefining \. on input line 159.
LaTeX Info: Redefining \% on input line 159.

[26 <./resources/images/AB.png>]
Underfull \vbox (badness 1796) has occurred while \output is active []

LaTeX Info: Redefining \. on input line 198.
LaTeX Info: Redefining \% on input line 198.
 [27]
LaTeX Info: Redefining \. on input line 214.
LaTeX Info: Redefining \% on input line 214.

[28])
LaTeX Info: Redefining \. on input line 25.
LaTeX Info: Redefining \% on input line 25.
 [29]
\openout2 = `parte-2/exhaustiva/busqueda-recursiva.aux'.

 (./parte-2/exhaustiva/busqueda-recursiva.tex
<resources/images/decisiones.png, id=507, 1355.0625pt x 451.6875pt>
File: resources/images/decisiones.png Graphic file (type png)
<use resources/images/decisiones.png>
Package pdftex.def Info: resources/images/decisiones.png  used on input line 17
.
(pdftex.def)             Requested size: 271.00769pt x 90.33589pt.

Underfull \vbox (badness 10000) has occurred while \output is active []

LaTeX Info: Redefining \. on input line 18.
LaTeX Info: Redefining \% on input line 18.
 [30



]
Underfull \vbox (badness 10000) has occurred while \output is active []

LaTeX Info: Redefining \. on input line 41.
LaTeX Info: Redefining \% on input line 41.
 [31 <./resources/images/decisiones.png>]
Overfull \hbox (2.17194pt too wide) in paragraph at lines 69--70
[]\OT1/cmr/m/n/12 Este pro-ble-ma lo vi-mos en la sec-ci^^Son de ite-rar por pa
-res,lo que deb^^S^^Pamos
 []

LaTeX Info: Redefining \. on input line 75.
LaTeX Info: Redefining \% on input line 75.
[32]
Underfull \vbox (badness 10000) has occurred while \output is active []

LaTeX Info: Redefining \. on input line 90.
LaTeX Info: Redefining \% on input line 90.
 [33]
Underfull \vbox (badness 10000) has occurred while \output is active []

LaTeX Info: Redefining \. on input line 123.
LaTeX Info: Redefining \% on input line 123.
 [34]
<resources/images/forbrute.png, id=586, 658.71094pt x 488.57532pt>
File: resources/images/forbrute.png Graphic file (type png)
<use resources/images/forbrute.png>
Package pdftex.def Info: resources/images/forbrute.png  used on input line 134.

(pdftex.def)             Requested size: 197.61479pt x 146.57372pt.
<resources/images/paresrec.png, id=587, 737.75626pt x 609.02531pt>
File: resources/images/paresrec.png Graphic file (type png)
<use resources/images/paresrec.png>
Package pdftex.def Info: resources/images/paresrec.png  used on input line 142.

(pdftex.def)             Requested size: 221.32858pt x 182.709pt.

Underfull \vbox (badness 10000) has occurred while \output is active []

LaTeX Info: Redefining \. on input line 143.
LaTeX Info: Redefining \% on input line 143.
 [35 <./resources/images/forbrute.png>]
LaTeX Info: Redefining \. on input line 158.
LaTeX Info: Redefining \% on input line 158.
 [36 <./resources/images/paresrec.png>]
Underfull \vbox (badness 10000) has occurred while \output is active []

LaTeX Info: Redefining \. on input line 203.
LaTeX Info: Redefining \% on input line 203.
 [37]
Underfull \vbox (badness 10000) has occurred while \output is active []

LaTeX Info: Redefining \. on input line 223.
LaTeX Info: Redefining \% on input line 223.
 [38]
Underfull \vbox (badness 10000) has occurred while \output is active []

LaTeX Info: Redefining \. on input line 248.
LaTeX Info: Redefining \% on input line 248.
 [39]
Underfull \vbox (badness 10000) has occurred while \output is active []

LaTeX Info: Redefining \. on input line 287.
LaTeX Info: Redefining \% on input line 287.
 [40])
LaTeX Info: Redefining \. on input line 26.
LaTeX Info: Redefining \% on input line 26.

[41]
\openout2 = `parte-2/exhaustiva/problemas-de-practica.aux'.

 (./parte-2/exhaustiva/problemas-de-practica.tex
Underfull \vbox (badness 10000) has occurred while \output is active []

LaTeX Info: Redefining \. on input line 55.
LaTeX Info: Redefining \% on input line 55.
 [42



])
LaTeX Info: Redefining \. on input line 27.
LaTeX Info: Redefining \% on input line 27.

[43]
\openout2 = `parte-2/podas/busqueda-con-podas.aux'.

 (./parte-2/podas/busqueda-con-podas.tex
LaTeX Info: Redefining \. on input line 1.
LaTeX Info: Redefining \% on input line 1.
 [44




]
Cap\'{\i }tulo 2.
[45]
Underfull \vbox (badness 10000) has occurred while \output is active []

LaTeX Info: Redefining \. on input line 69.
LaTeX Info: Redefining \% on input line 69.
 [46]
Underfull \vbox (badness 10000) has occurred while \output is active []

 [47]
Underfull \vbox (badness 3029) has occurred while \output is active []

LaTeX Info: Redefining \. on input line 174.
LaTeX Info: Redefining \% on input line 174.
 [48]
Underfull \vbox (badness 10000) has occurred while \output is active []

 [49]
Underfull \vbox (badness 10000) has occurred while \output is active []

LaTeX Info: Redefining \. on input line 211.
LaTeX Info: Redefining \% on input line 211.
 [50]
Underfull \vbox (badness 10000) has occurred while \output is active []

 [51]
Underfull \vbox (badness 10000) has occurred while \output is active []

LaTeX Info: Redefining \. on input line 331.
LaTeX Info: Redefining \% on input line 331.
 [52]
(./problemas/OMI-explorador.tex
Underfull \vbox (badness 10000) has occurred while \output is active []

 [53]
Underfull \vbox (badness 3601) has occurred while \output is active []

LaTeX Info: Redefining \. on input line 21.
LaTeX Info: Redefining \% on input line 21.
 [54])
Underfull \vbox (badness 3815) has occurred while \output is active []

 [55]
Underfull \vbox (badness 10000) has occurred while \output is active []

LaTeX Info: Redefining \. on input line 393.
LaTeX Info: Redefining \% on input line 393.
 [56]
Overfull \vbox (31.77283pt too high) has occurred while \output is active []


[57]
Underfull \vbox (badness 10000) has occurred while \output is active []

LaTeX Info: Redefining \. on input line 415.
LaTeX Info: Redefining \% on input line 415.
 [58])
LaTeX Info: Redefining \. on input line 29.
LaTeX Info: Redefining \% on input line 29.

[59]
\openout2 = `parte-2/estados/DFS.aux'.

 (./parte-2/estados/DFS.tex
LaTeX Info: Redefining \. on input line 1.
LaTeX Info: Redefining \% on input line 1.
 [60




]
Cap\'{\i }tulo 3.

Underfull \vbox (badness 10000) has occurred while \output is active []

 [61]
Underfull \vbox (badness 3646) has occurred while \output is active []

LaTeX Info: Redefining \. on input line 65.
LaTeX Info: Redefining \% on input line 65.
 [62]
Underfull \vbox (badness 10000) has occurred while \output is active []

 [63]
Underfull \vbox (badness 10000) has occurred while \output is active []

LaTeX Info: Redefining \. on input line 114.
LaTeX Info: Redefining \% on input line 114.
 [64]
<resources/images/exhaustivaDFS1.png, id=972, 749.04843pt x 487.8225pt>
File: resources/images/exhaustivaDFS1.png Graphic file (type png)
<use resources/images/exhaustivaDFS1.png>
Package pdftex.def Info: resources/images/exhaustivaDFS1.png  used on input lin
e 116.
(pdftex.def)             Requested size: 224.71626pt x 146.34787pt.
<resources/images/exhaustivaDFS2.png, id=973, 749.04843pt x 487.8225pt>
File: resources/images/exhaustivaDFS2.png Graphic file (type png)
<use resources/images/exhaustivaDFS2.png>
Package pdftex.def Info: resources/images/exhaustivaDFS2.png  used on input lin
e 127.
(pdftex.def)             Requested size: 224.71626pt x 146.34787pt.

Underfull \vbox (badness 10000) has occurred while \output is active []

 [65 <./resources/images/exhaustivaDFS1.png>]
Underfull \vbox (badness 10000) has occurred while \output is active []

LaTeX Info: Redefining \. on input line 175.
LaTeX Info: Redefining \% on input line 175.
 [66 <./resources/images/exhaustivaDFS2.png>]
Underfull \vbox (badness 10000) has occurred while \output is active []

 [67]
LaTeX Info: Redefining \. on input line 195.
LaTeX Info: Redefining \% on input line 195.

[68])
LaTeX Info: Redefining \. on input line 31.
LaTeX Info: Redefining \% on input line 31.
 [69]
\openout2 = `parte-2/estados/BFS.aux'.

 (./parte-2/estados/BFS.tex
LaTeX Info: Redefining \. on input line 1.
LaTeX Info: Redefining \% on input line 1.
 [70




]
Cap\'{\i }tulo 4.

Underfull \vbox (badness 10000) has occurred while \output is active []

 [71]
<resources/images/bfs1.png, id=1042, 606.76688pt x 392.96812pt>
File: resources/images/bfs1.png Graphic file (type png)
<use resources/images/bfs1.png>
Package pdftex.def Info: resources/images/bfs1.png  used on input line 15.
(pdftex.def)             Requested size: 212.37158pt x 137.5409pt.
<resources/images/bfs2.png, id=1043, 606.76688pt x 392.96812pt>
File: resources/images/bfs2.png Graphic file (type png)
<use resources/images/bfs2.png>
Package pdftex.def Info: resources/images/bfs2.png  used on input line 21.
(pdftex.def)             Requested size: 212.37158pt x 137.5409pt.

Underfull \vbox (badness 10000) has occurred while \output is active []

LaTeX Info: Redefining \. on input line 25.
LaTeX Info: Redefining \% on input line 25.
 [72 <./resources/images/bfs1.png> <./resources/images/bfs2.png>]
Underfull \vbox (badness 10000) has occurred while \output is active []

 [73]
Overfull \vbox (18.17282pt too high) has occurred while \output is active []

LaTeX Info: Redefining \. on input line 68.
LaTeX Info: Redefining \% on input line 68.

[74]
Underfull \vbox (badness 1931) has occurred while \output is active []

 [75]
Underfull \vbox (badness 10000) has occurred while \output is active []

LaTeX Info: Redefining \. on input line 155.
LaTeX Info: Redefining \% on input line 155.
 [76]
Overfull \vbox (31.77283pt too high) has occurred while \output is active []


[77]
Underfull \hbox (badness 10000) in paragraph at lines 162--163

 []

LaTeX Info: Redefining \. on input line 173.
LaTeX Info: Redefining \% on input line 173.
[78]
Underfull \vbox (badness 10000) has occurred while \output is active []

LaTeX Info: Redefining \. on input line 206.
LaTeX Info: Redefining \% on input line 206.
 [79]
LaTeX Font Info:    Trying to load font information for OMS+cmr on input line 2
16.

(c:/texlive/2022/texmf-dist/tex/latex/base/omscmr.fd
File: omscmr.fd 2019/12/16 v2.5j Standard LaTeX font definitions
)
LaTeX Font Info:    Font shape `OMS/cmr/m/n' in size <12> not available
(Font)              Font shape `OMS/cmsy/m/n' tried instead on input line 216.

Underfull \vbox (badness 10000) has occurred while \output is active []

LaTeX Info: Redefining \. on input line 253.
LaTeX Info: Redefining \% on input line 253.
 [80]
Underfull \vbox (badness 10000) has occurred while \output is active []

LaTeX Info: Redefining \. on input line 258.
LaTeX Info: Redefining \% on input line 258.
 [81])
LaTeX Info: Redefining \. on input line 32.
LaTeX Info: Redefining \% on input line 32.

[82]
\openout2 = `parte-2/binaria/busqueda-binaria.aux'.

 (./parte-2/binaria/busqueda-binaria.tex
Cap\'{\i }tulo 5.

Underfull \vbox (badness 10000) has occurred while \output is active []

 [83




]
LaTeX Info: Redefining \. on input line 60.
LaTeX Info: Redefining \% on input line 60.

[84]
Underfull \vbox (badness 10000) has occurred while \output is active []

 [85]
LaTeX Info: Redefining \. on input line 113.
LaTeX Info: Redefining \% on input line 113.

[86] [87]
Underfull \vbox (badness 10000) has occurred while \output is active []

LaTeX Info: Redefining \. on input line 166.
LaTeX Info: Redefining \% on input line 166.
 [88]
Underfull \vbox (badness 10000) has occurred while \output is active []

 [89]
LaTeX Info: Redefining \. on input line 225.
LaTeX Info: Redefining \% on input line 225.

[90] [91]
LaTeX Info: Redefining \. on input line 295.
LaTeX Info: Redefining \% on input line 295.
 [92])
LaTeX Info: Redefining \. on input line 34.
LaTeX Info: Redefining \% on input line 34.
 [93]
\openout2 = `parte-2/binaria/busqueda-binaria-funcion.aux'.

 (./parte-2/binaria/busqueda-binaria-funcion.tex
Underfull \vbox (badness 10000) has occurred while \output is active []

LaTeX Info: Redefining \. on input line 20.
LaTeX Info: Redefining \% on input line 20.
 [94



]
Overfull \hbox (15.60318pt too wide) in paragraph at lines 25--50
[][]
 []


Underfull \hbox (badness 10000) in paragraph at lines 25--50

 []

LaTeX Info: Redefining \. on input line 55.
LaTeX Info: Redefining \% on input line 55.
[95]
Underfull \vbox (badness 10000) has occurred while \output is active []

LaTeX Info: Redefining \. on input line 60.
LaTeX Info: Redefining \% on input line 60.
 [96]

LaTeX Warning: Reference `bicicleta' on page 97 undefined on input line 61.


Underfull \hbox (badness 10000) in paragraph at lines 63--65

 []


Underfull \vbox (badness 10000) has occurred while \output is active []

LaTeX Info: Redefining \. on input line 94.
LaTeX Info: Redefining \% on input line 94.
 [97]
<resources/images/binprop.png, id=1365, 752.8125pt x 188.20313pt>
File: resources/images/binprop.png Graphic file (type png)
<use resources/images/binprop.png>
Package pdftex.def Info: resources/images/binprop.png  used on input line 105.
(pdftex.def)             Requested size: 225.84549pt x 56.46136pt.

Underfull \vbox (badness 8132) has occurred while \output is active []

LaTeX Info: Redefining \. on input line 132.
LaTeX Info: Redefining \% on input line 132.
 [98 <./resources/images/binprop.png>])
LaTeX Info: Redefining \. on input line 35.
LaTeX Info: Redefining \% on input line 35.
 [99]
\openout2 = `parte-2/binaria/busqueda-binaria-reales.aux'.

 (./parte-2/binaria/busqueda-binaria-reales.tex
LaTeX Info: Redefining \. on input line 35.
LaTeX Info: Redefining \% on input line 35.
[100



]
LaTeX Info: Redefining \. on input line 65.
LaTeX Info: Redefining \% on input line 65.
 [101])
LaTeX Info: Redefining \. on input line 36.
LaTeX Info: Redefining \% on input line 36.
 [102]
\openout2 = `parte-2/binaria/problemas-de-practica.aux'.

 (./parte-2/binaria/problemas-de-practica.tex)
LaTeX Info: Redefining \. on input line 37.
LaTeX Info: Redefining \% on input line 37.
 [103



]
LaTeX Info: Redefining \. on input line 38.
LaTeX Info: Redefining \% on input line 38.
 [104



]
[105] [106] [107

] [108] [109

] [110] [111

] [112] [113

] [114] (./main.aux
LaTeX Info: Redefining \. on input line 19.
LaTeX Info: Redefining \% on input line 19.

(./parte-2/exhaustiva/busqueda-exhaustiva.aux)
(./parte-2/exhaustiva/busqueda-lineal.aux)
(./parte-2/exhaustiva/busqueda-lineal-funcion.aux)
(./parte-2/exhaustiva/busqueda-pares.aux)
(./parte-2/exhaustiva/busqueda-ordenes.aux)
(./parte-2/exhaustiva/busqueda-subconjuntos.aux)
(./parte-2/exhaustiva/busqueda-recursiva.aux)
(./parte-2/exhaustiva/problemas-de-practica.aux)
(./parte-2/podas/busqueda-con-podas.aux) (./parte-2/estados/DFS.aux)
(./parte-2/estados/BFS.aux) (./parte-2/binaria/busqueda-binaria.aux)
(./parte-2/binaria/busqueda-binaria-funcion.aux)
(./parte-2/binaria/busqueda-binaria-reales.aux)
(./parte-2/binaria/problemas-de-practica.aux))

LaTeX Warning: There were undefined references.

Package rerunfilecheck Info: File `main.out' has not changed.
(rerunfilecheck)             Checksum: 7755F6FB8F93D39836888B5D650E002B;4762.
 ) 
Here is how much of TeX's memory you used:
 15521 strings out of 478037
 252863 string characters out of 5843053
 783984 words of memory out of 5000000
 32722 multiletter control sequences out of 15000+600000
 480860 words of font info for 69 fonts, out of 8000000 for 9000
 1141 hyphenation exceptions out of 8191
 75i,15n,81p,606b,1975s stack positions out of 10000i,1000n,20000p,200000b,200000s
{c:/texlive/2022/texmf-dist/fonts/enc/dvips/cm-super/cm-super-ts1.enc}<c:/tex
live/2022/texmf-dist/fonts/type1/public/amsfonts/cm/cmbx10.pfb><c:/texlive/2022
/texmf-dist/fonts/type1/public/amsfonts/cm/cmbx12.pfb><c:/texlive/2022/texmf-di
st/fonts/type1/public/amsfonts/cm/cmcsc10.pfb><c:/texlive/2022/texmf-dist/fonts
/type1/public/amsfonts/cm/cmmi10.pfb><c:/texlive/2022/texmf-dist/fonts/type1/pu
blic/amsfonts/cm/cmmi12.pfb><c:/texlive/2022/texmf-dist/fonts/type1/public/amsf
onts/cm/cmmi7.pfb><c:/texlive/2022/texmf-dist/fonts/type1/public/amsfonts/cm/cm
mi8.pfb><c:/texlive/2022/texmf-dist/fonts/type1/public/amsfonts/cm/cmr10.pfb><c
:/texlive/2022/texmf-dist/fonts/type1/public/amsfonts/cm/cmr12.pfb><c:/texlive/
2022/texmf-dist/fonts/type1/public/amsfonts/cm/cmr17.pfb><c:/texlive/2022/texmf
-dist/fonts/type1/public/amsfonts/cm/cmr5.pfb><c:/texlive/2022/texmf-dist/fonts
/type1/public/amsfonts/cm/cmr6.pfb><c:/texlive/2022/texmf-dist/fonts/type1/publ
ic/amsfonts/cm/cmr7.pfb><c:/texlive/2022/texmf-dist/fonts/type1/public/amsfonts
/cm/cmr8.pfb><c:/texlive/2022/texmf-dist/fonts/type1/public/amsfonts/cm/cmsl12.
pfb><c:/texlive/2022/texmf-dist/fonts/type1/public/amsfonts/cm/cmsy10.pfb><c:/t
exlive/2022/texmf-dist/fonts/type1/public/amsfonts/cm/cmsy5.pfb><c:/texlive/202
2/texmf-dist/fonts/type1/public/amsfonts/cm/cmsy7.pfb><c:/texlive/2022/texmf-di
st/fonts/type1/public/amsfonts/cm/cmti10.pfb><c:/texlive/2022/texmf-dist/fonts/
type1/public/amsfonts/cm/cmti12.pfb><c:/texlive/2022/texmf-dist/fonts/type1/pub
lic/amsfonts/cm/cmtt10.pfb><c:/texlive/2022/texmf-dist/fonts/type1/public/amsfo
nts/cm/cmtt12.pfb><c:/texlive/2022/texmf-dist/fonts/type1/public/cm-super/sfrm1
200.pfb>
Output written on main.pdf (118 pages, 717279 bytes).
PDF statistics:
 1789 PDF objects out of 2073 (max. 8388607)
 1587 compressed objects within 16 object streams
 915 named destinations out of 1000 (max. 500000)
 291 words of extra memory for PDF output out of 10000 (max. 10000000)

