\BOOKMARK [-1][-]{part.1}{\376\377\000I\000\040\000E\000l\000e\000m\000e\000n\000t\000o\000s\000\040\000b\000\341\000s\000i\000c\000o\000s}{}% 1
\BOOKMARK [-1][-]{part.2}{\376\377\000I\000I\000\040\000B\000\372\000s\000q\000u\000e\000d\000a\000s}{}% 2
\BOOKMARK [0][-]{chapter.1}{\376\377\000B\000\372\000s\000q\000u\000e\000d\000a\000\040\000E\000x\000h\000a\000u\000s\000t\000i\000v\000a}{part.2}% 3
\BOOKMARK [1][-]{section.1.1}{\376\377\000B\000\372\000s\000q\000u\000e\000d\000a\000\040\000l\000i\000n\000e\000a\000l}{chapter.1}% 4
\BOOKMARK [1][-]{section*.14}{\376\377\000P\000r\000o\000b\000l\000e\000m\000a\000s\000\040\000d\000e\000\040\000p\000r\000\341\000c\000t\000i\000c\000a}{chapter.1}% 5
\BOOKMARK [1][-]{section.1.2}{\376\377\000B\000\372\000s\000q\000u\000e\000d\000a\000\040\000l\000i\000n\000e\000a\000l\000\040\000c\000o\000n\000\040\000f\000u\000n\000c\000i\000\363\000n\000\040\000d\000e\000\040\000v\000a\000l\000i\000d\000a\000c\000i\000\363\000n}{chapter.1}% 6
\BOOKMARK [1][-]{section*.22}{\376\377\000P\000r\000o\000b\000l\000e\000m\000a\000s\000\040\000d\000e\000\040\000p\000r\000\341\000c\000t\000i\000c\000a}{chapter.1}% 7
\BOOKMARK [1][-]{section.1.3}{\376\377\000P\000a\000r\000e\000j\000a\000s\000\040\000d\000e\000\040\000e\000l\000e\000m\000e\000n\000t\000o\000s}{chapter.1}% 8
\BOOKMARK [1][-]{section*.29}{\376\377\000P\000r\000o\000b\000l\000e\000m\000a\000s\000\040\000d\000e\000\040\000p\000r\000\341\000c\000t\000i\000c\000a}{chapter.1}% 9
\BOOKMARK [1][-]{section.1.4}{\376\377\000O\000r\000d\000e\000n\000e\000s\000\040\000o\000\040\000p\000e\000r\000m\000u\000t\000a\000c\000i\000o\000n\000e\000s}{chapter.1}% 10
\BOOKMARK [1][-]{section.1.5}{\376\377\000S\000u\000b\000c\000o\000n\000j\000u\000n\000t\000o\000s}{chapter.1}% 11
\BOOKMARK [1][-]{section*.44}{\376\377\000P\000r\000o\000b\000l\000e\000m\000a\000s\000\040\000d\000e\000\040\000p\000r\000\341\000c\000t\000i\000c\000a}{chapter.1}% 12
\BOOKMARK [1][-]{section.1.6}{\376\377\000F\000o\000r\000m\000a\000\040\000r\000e\000c\000u\000r\000s\000i\000v\000a}{chapter.1}% 13
\BOOKMARK [1][-]{section*.51}{\376\377\000P\000r\000o\000b\000l\000e\000m\000a\000s\000\040\000d\000e\000\040\000p\000r\000\341\000c\000t\000i\000c\000a}{chapter.1}% 14
\BOOKMARK [0][-]{chapter.2}{\376\377\000B\000\372\000s\000q\000u\000e\000d\000a\000\040\000b\000i\000n\000a\000r\000i\000a}{part.2}% 15
\BOOKMARK [1][-]{section.2.1}{\376\377\000D\000i\000f\000i\000c\000u\000l\000t\000a\000d\000e\000s}{chapter.2}% 16
\BOOKMARK [1][-]{section*.58}{\376\377\000P\000r\000o\000b\000l\000e\000m\000a\000s\000\040\000d\000e\000\040\000p\000r\000\341\000c\000t\000i\000c\000a}{chapter.2}% 17
\BOOKMARK [1][-]{section.2.2}{\376\377\000F\000u\000n\000c\000i\000\363\000n\000\040\000d\000e\000\040\000v\000a\000l\000i\000d\000a\000c\000i\000\363\000n}{chapter.2}% 18
\BOOKMARK [1][-]{section.2.3}{\376\377\000C\000o\000m\000p\000l\000e\000j\000i\000d\000a\000d}{chapter.2}% 19
\BOOKMARK [1][-]{section*.65}{\376\377\000P\000r\000o\000b\000l\000e\000m\000a\000s\000\040\000d\000e\000\040\000p\000r\000\341\000c\000t\000i\000c\000a}{chapter.2}% 20
\BOOKMARK [1][-]{section.2.4}{\376\377\000B\000\372\000s\000q\000u\000e\000d\000a\000\040\000e\000n\000\040\000l\000o\000s\000\040\000r\000e\000a\000l\000e\000s}{chapter.2}% 21
\BOOKMARK [1][-]{section*.68}{\376\377\000P\000r\000o\000b\000l\000e\000m\000a\000s\000\040\000d\000e\000\040\000p\000r\000\341\000c\000t\000i\000c\000a}{chapter.2}% 22
\BOOKMARK [0][-]{chapter.3}{\376\377\000B\000\372\000s\000q\000u\000e\000d\000a\000\040\000c\000o\000n\000\040\000p\000o\000d\000a\000s}{part.2}% 23
\BOOKMARK [1][-]{section.3.1}{\376\377\000C\000\363\000d\000i\000g\000o\000\040\000g\000e\000n\000e\000r\000a\000l}{chapter.3}% 24
\BOOKMARK [0][-]{chapter.4}{\376\377\000B\000\372\000s\000q\000u\000e\000d\000a\000\040\000e\000n\000\040\000p\000r\000o\000f\000u\000n\000d\000i\000d\000a\000d\000\040\000\050\000D\000F\000S\000\051}{part.2}% 25
\BOOKMARK [1][-]{section.4.1}{\376\377\000E\000s\000t\000a\000d\000o\000s\000\040\000y\000\040\000t\000r\000a\000n\000s\000i\000c\000i\000o\000n\000e\000s}{chapter.4}% 26
\BOOKMARK [1][-]{section.4.2}{\376\377\000C\000o\000m\000p\000l\000e\000j\000i\000d\000a\000d}{chapter.4}% 27
\BOOKMARK [1][-]{section*.79}{\376\377\000P\000r\000o\000b\000l\000e\000m\000a\000s\000\040\000d\000e\000\040\000p\000r\000\341\000c\000t\000i\000c\000a}{chapter.4}% 28
\BOOKMARK [0][-]{chapter.5}{\376\377\000B\000\372\000s\000q\000u\000e\000d\000a\000\040\000e\000n\000\040\000a\000n\000c\000h\000u\000r\000a\000\040\000\050\000B\000F\000S\000\051}{part.2}% 29
\BOOKMARK [1][-]{section.5.1}{\376\377\000C\000o\000m\000p\000l\000e\000j\000i\000d\000a\000d}{chapter.5}% 30
\BOOKMARK [1][-]{section*.82}{\376\377\000P\000r\000o\000b\000l\000e\000m\000a\000s\000\040\000d\000e\000\040\000p\000r\000\341\000c\000t\000i\000c\000a}{chapter.5}% 31
\BOOKMARK [-1][-]{part.3}{\376\377\000I\000I\000I\000\040\000M\000a\000t\000e\000m\000\341\000t\000i\000c\000a\000s\000\040\000o\000l\000\355\000m\000p\000i\000c\000a\000s}{}% 32
\BOOKMARK [-1][-]{part.4}{\376\377\000I\000V\000\040\000S\000T\000L\000\040\000y\000\040\000e\000s\000t\000r\000u\000c\000t\000u\000r\000a\000\040\000d\000e\000\040\000d\000a\000t\000o\000s}{}% 33
\BOOKMARK [-1][-]{part.5}{\376\377\000V\000\040\000G\000r\000a\000f\000o\000s}{}% 34
\BOOKMARK [-1][-]{part.6}{\376\377\000V\000I\000\040\000T\000\351\000c\000n\000i\000c\000a\000s\000\040\000d\000e\000\040\000r\000e\000s\000o\000l\000u\000c\000i\000\363\000n\000\040\000d\000e\000\040\000p\000r\000o\000b\000l\000e\000m\000a\000s}{}% 35
\BOOKMARK [-1][-]{part.7}{\376\377\000V\000I\000I\000\040\000P\000r\000o\000b\000l\000e\000m\000a\000s\000\040\000n\000o\000\040\000e\000s\000t\000\341\000n\000d\000a\000r}{}% 36
