This is pdfTeX, Version 3.141592653-2.6-1.40.24 (MiKTeX 22.3) (preloaded format=pdflatex 2022.6.15)  16 JUN 2022 13:37
entering extended mode
 restricted \write18 enabled.
 %&-line parsing enabled.
**./main.tex
(main.tex
LaTeX2e <2021-11-15> patch level 1
L3 programming layer <2022-05-04>
(C:\Users\Ferna\AppData\Local\Programs\MiKTeX\tex/latex/base\book.cls
Document Class: book 2021/10/04 v1.4n Standard LaTeX document class
(C:\Users\Ferna\AppData\Local\Programs\MiKTeX\tex/latex/base\bk12.clo
File: bk12.clo 2021/10/04 v1.4n Standard LaTeX file (size option)
)
\c@part=\count185
\c@chapter=\count186
\c@section=\count187
\c@subsection=\count188
\c@subsubsection=\count189
\c@paragraph=\count190
\c@subparagraph=\count191
\c@figure=\count192
\c@table=\count193
\abovecaptionskip=\skip47
\belowcaptionskip=\skip48
\bibindent=\dimen138
)
(C:\Users\Ferna\AppData\Local\Programs\MiKTeX\tex/latex/base\inputenc.sty
Package: inputenc 2021/02/14 v1.3d Input encoding file
\inpenc@prehook=\toks16
\inpenc@posthook=\toks17
)
(C:\Users\Ferna\AppData\Local\Programs\MiKTeX\tex/latex/graphics\graphicx.sty
Package: graphicx 2021/09/16 v1.2d Enhanced LaTeX Graphics (DPC,SPQR)

(C:\Users\Ferna\AppData\Local\Programs\MiKTeX\tex/latex/graphics\keyval.sty
Package: keyval 2014/10/28 v1.15 key=value parser (DPC)
\KV@toks@=\toks18
)
(C:\Users\Ferna\AppData\Local\Programs\MiKTeX\tex/latex/graphics\graphics.sty
Package: graphics 2021/03/04 v1.4d Standard LaTeX Graphics (DPC,SPQR)

(C:\Users\Ferna\AppData\Local\Programs\MiKTeX\tex/latex/graphics\trig.sty
Package: trig 2021/08/11 v1.11 sin cos tan (DPC)
)
(C:\Users\Ferna\AppData\Local\Programs\MiKTeX\tex/latex/graphics-cfg\graphics.c
fg
File: graphics.cfg 2016/06/04 v1.11 sample graphics configuration
)
Package graphics Info: Driver file: pdftex.def on input line 107.

(C:\Users\Ferna\AppData\Local\Programs\MiKTeX\tex/latex/graphics-def\pdftex.def
File: pdftex.def 2020/10/05 v1.2a Graphics/color driver for pdftex
))
\Gin@req@height=\dimen139
\Gin@req@width=\dimen140
)
(C:\Users\Ferna\AppData\Local\Programs\MiKTeX\tex/latex/setspace\setspace.sty
Package: setspace 2011/12/19 v6.7a set line spacing
)
(C:\Users\Ferna\AppData\Local\Programs\MiKTeX\tex/latex/geometry\geometry.sty
Package: geometry 2020/01/02 v5.9 Page Geometry

(C:\Users\Ferna\AppData\Local\Programs\MiKTeX\tex/generic/iftex\ifvtex.sty
Package: ifvtex 2019/10/25 v1.7 ifvtex legacy package. Use iftex instead.

(C:\Users\Ferna\AppData\Local\Programs\MiKTeX\tex/generic/iftex\iftex.sty
Package: iftex 2022/02/03 v1.0f TeX engine tests
))
\Gm@cnth=\count194
\Gm@cntv=\count195
\c@Gm@tempcnt=\count196
\Gm@bindingoffset=\dimen141
\Gm@wd@mp=\dimen142
\Gm@odd@mp=\dimen143
\Gm@even@mp=\dimen144
\Gm@layoutwidth=\dimen145
\Gm@layoutheight=\dimen146
\Gm@layouthoffset=\dimen147
\Gm@layoutvoffset=\dimen148
\Gm@dimlist=\toks19

(C:\Users\Ferna\AppData\Local\Programs\MiKTeX\tex/latex/geometry\geometry.cfg))
(C:\Users\Ferna\AppData\Local\Programs\MiKTeX\tex/latex/amsmath\amsmath.sty
Package: amsmath 2021/10/15 v2.17l AMS math features
\@mathmargin=\skip49

For additional information on amsmath, use the `?' option.
(C:\Users\Ferna\AppData\Local\Programs\MiKTeX\tex/latex/amsmath\amstext.sty
Package: amstext 2021/08/26 v2.01 AMS text

(C:\Users\Ferna\AppData\Local\Programs\MiKTeX\tex/latex/amsmath\amsgen.sty
File: amsgen.sty 1999/11/30 v2.0 generic functions
\@emptytoks=\toks20
\ex@=\dimen149
))
(C:\Users\Ferna\AppData\Local\Programs\MiKTeX\tex/latex/amsmath\amsbsy.sty
Package: amsbsy 1999/11/29 v1.2d Bold Symbols
\pmbraise@=\dimen150
)
(C:\Users\Ferna\AppData\Local\Programs\MiKTeX\tex/latex/amsmath\amsopn.sty
Package: amsopn 2021/08/26 v2.02 operator names
)
\inf@bad=\count197
LaTeX Info: Redefining \frac on input line 234.
\uproot@=\count198
\leftroot@=\count199
LaTeX Info: Redefining \overline on input line 399.
\classnum@=\count266
\DOTSCASE@=\count267
LaTeX Info: Redefining \ldots on input line 496.
LaTeX Info: Redefining \dots on input line 499.
LaTeX Info: Redefining \cdots on input line 620.
\Mathstrutbox@=\box50
\strutbox@=\box51
\big@size=\dimen151
LaTeX Font Info:    Redeclaring font encoding OML on input line 743.
LaTeX Font Info:    Redeclaring font encoding OMS on input line 744.
\macc@depth=\count268
\c@MaxMatrixCols=\count269
\dotsspace@=\muskip16
\c@parentequation=\count270
\dspbrk@lvl=\count271
\tag@help=\toks21
\row@=\count272
\column@=\count273
\maxfields@=\count274
\andhelp@=\toks22
\eqnshift@=\dimen152
\alignsep@=\dimen153
\tagshift@=\dimen154
\tagwidth@=\dimen155
\totwidth@=\dimen156
\lineht@=\dimen157
\@envbody=\toks23
\multlinegap=\skip50
\multlinetaggap=\skip51
\mathdisplay@stack=\toks24
LaTeX Info: Redefining \[ on input line 2938.
LaTeX Info: Redefining \] on input line 2939.
)
(C:\Users\Ferna\AppData\Local\Programs\MiKTeX\tex/latex/multirow\multirow.sty
Package: multirow 2021/03/15 v2.8 Span multiple rows of a table
\multirow@colwidth=\skip52
\multirow@cntb=\count275
\multirow@dima=\skip53
\bigstrutjot=\dimen158
)
(C:\Users\Ferna\AppData\Local\Programs\MiKTeX\tex/latex/makecell\makecell.sty
Package: makecell 2009/08/03 V0.1e Managing of Tab Column Heads and Cells

(C:\Users\Ferna\AppData\Local\Programs\MiKTeX\tex/latex/tools\array.sty
Package: array 2021/10/04 v2.5f Tabular extension package (FMi)
\col@sep=\dimen159
\ar@mcellbox=\box52
\extrarowheight=\dimen160
\NC@list=\toks25
\extratabsurround=\skip54
\backup@length=\skip55
\ar@cellbox=\box53
)
\rotheadsize=\dimen161
\c@nlinenum=\count276
\TeXr@lab=\toks26
)
(C:\Users\Ferna\AppData\Local\Programs\MiKTeX\tex/latex/parskip\parskip.sty
Package: parskip 2021-03-14 v2.0h non-zero parskip adjustments

(C:\Users\Ferna\AppData\Local\Programs\MiKTeX\tex/latex/kvoptions\kvoptions.sty
Package: kvoptions 2020-10-07 v3.14 Key value format for package options (HO)
(C:\Users\Ferna\AppData\Local\Programs\MiKTeX\tex/generic/ltxcmds\ltxcmds.sty
Package: ltxcmds 2020-05-10 v1.25 LaTeX kernel commands for general use (HO)
)
(C:\Users\Ferna\AppData\Local\Programs\MiKTeX\tex/generic/kvsetkeys\kvsetkeys.s
ty
Package: kvsetkeys 2019/12/15 v1.18 Key value parser (HO)
))
(C:\Users\Ferna\AppData\Local\Programs\MiKTeX\tex/latex/etoolbox\etoolbox.sty
Package: etoolbox 2020/10/05 v2.5k e-TeX tools for LaTeX (JAW)
\etb@tempcnta=\count277
)) (C:\Users\Ferna\AppData\Local\Programs\MiKTeX\tex/latex/listings\listings.st
y
\lst@mode=\count278
\lst@gtempboxa=\box54
\lst@token=\toks27
\lst@length=\count279
\lst@currlwidth=\dimen162
\lst@column=\count280
\lst@pos=\count281
\lst@lostspace=\dimen163
\lst@width=\dimen164
\lst@newlines=\count282
\lst@lineno=\count283
\lst@maxwidth=\dimen165

(C:\Users\Ferna\AppData\Local\Programs\MiKTeX\tex/latex/listings\lstmisc.sty
File: lstmisc.sty 2020/03/24 1.8d (Carsten Heinz)
\c@lstnumber=\count284
\lst@skipnumbers=\count285
\lst@framebox=\box55
)
(C:\Users\Ferna\AppData\Local\Programs\MiKTeX\tex/latex/listings\listings.cfg
File: listings.cfg 2020/03/24 1.8d listings configuration
))
Package: listings 2020/03/24 1.8d (Carsten Heinz)
(C:\Users\Ferna\AppData\Local\Programs\MiKTeX\tex/latex/graphics\color.sty
Package: color 2021/12/07 v1.3c Standard LaTeX Color (DPC)

(C:\Users\Ferna\AppData\Local\Programs\MiKTeX\tex/latex/graphics-cfg\color.cfg
File: color.cfg 2016/01/02 v1.6 sample color configuration
)
Package color Info: Driver file: pdftex.def on input line 149.
)
\c@problemcount=\count286
 (C:\Users\Ferna\AppData\Local\Programs\MiKTeX\tex/latex/listings\lstlang1.sty
File: lstlang1.sty 2020/03/24 1.8d listings language file
) (C:\Users\Ferna\AppData\Local\Programs\MiKTeX\tex/latex/listings\lstlang1.sty
File: lstlang1.sty 2020/03/24 1.8d listings language file
) (C:\Users\Ferna\AppData\Local\Programs\MiKTeX\tex/latex/listings\lstmisc.sty
File: lstmisc.sty 2020/03/24 1.8d (Carsten Heinz)
)
(C:\Users\Ferna\AppData\Local\Programs\MiKTeX\tex/latex/l3backend\l3backend-pdf
tex.def
File: l3backend-pdftex.def 2022-04-20 L3 backend support: PDF output (pdfTeX)
\l__color_backend_stack_int=\count287
\l__pdf_internal_box=\box56
) (main.aux (TeX_files/busquedas.aux) (TeX_files/busqueda_lineal.aux)
(TeX_files/busqueda_lineal_func.aux) (TeX_files/busqueda_completa.aux)
(TeX_files/iterar_pares.aux) (TeX_files/subcojuntos.aux)
(TeX_files/exhaustiva.aux) (TeX_files/busqueda_binaria.aux)
(TeX_files/busqueda_dfs.aux) (TeX_files/busqueda_bfs.aux)
(TeX_files/problemas.aux) (TeX_files/extra.aux))
\openout1 = `main.aux'.

LaTeX Font Info:    Checking defaults for OML/cmm/m/it on input line 105.
LaTeX Font Info:    ... okay on input line 105.
LaTeX Font Info:    Checking defaults for OMS/cmsy/m/n on input line 105.
LaTeX Font Info:    ... okay on input line 105.
LaTeX Font Info:    Checking defaults for OT1/cmr/m/n on input line 105.
LaTeX Font Info:    ... okay on input line 105.
LaTeX Font Info:    Checking defaults for T1/cmr/m/n on input line 105.
LaTeX Font Info:    ... okay on input line 105.
LaTeX Font Info:    Checking defaults for TS1/cmr/m/n on input line 105.
LaTeX Font Info:    ... okay on input line 105.
LaTeX Font Info:    Checking defaults for OMX/cmex/m/n on input line 105.
LaTeX Font Info:    ... okay on input line 105.
LaTeX Font Info:    Checking defaults for U/cmr/m/n on input line 105.
LaTeX Font Info:    ... okay on input line 105.

(C:\Users\Ferna\AppData\Local\Programs\MiKTeX\tex/context/base/mkii\supp-pdf.mk
ii
[Loading MPS to PDF converter (version 2006.09.02).]
\scratchcounter=\count288
\scratchdimen=\dimen166
\scratchbox=\box57
\nofMPsegments=\count289
\nofMParguments=\count290
\everyMPshowfont=\toks28
\MPscratchCnt=\count291
\MPscratchDim=\dimen167
\MPnumerator=\count292
\makeMPintoPDFobject=\count293
\everyMPtoPDFconversion=\toks29
)
(C:\Users\Ferna\AppData\Local\Programs\MiKTeX\tex/latex/epstopdf-pkg\epstopdf-b
ase.sty
Package: epstopdf-base 2020-01-24 v2.11 Base part for package epstopdf
Package epstopdf-base Info: Redefining graphics rule for `.eps' on input line 4
85.

(C:\Users\Ferna\AppData\Local\Programs\MiKTeX\tex/latex/00miktex\epstopdf-sys.c
fg
File: epstopdf-sys.cfg 2021/03/18 v2.0 Configuration of epstopdf for MiKTeX
))
*geometry* driver: auto-detecting
*geometry* detected driver: pdftex
*geometry* verbose mode - [ preamble ] result:
* driver: pdftex
* paper: b5paper
* layout: <same size as paper>
* layoutoffset:(h,v)=(0.0pt,0.0pt)
* modes: twoside 
* h-part:(L,W,R)=(60.09283pt, 350.5364pt, 90.13925pt)
* v-part:(T,H,B)=(85.35913pt, 497.92105pt, 128.03871pt)
* \paperwidth=500.7685pt
* \paperheight=711.3189pt
* \textwidth=350.5364pt
* \textheight=497.92105pt
* \oddsidemargin=-12.17715pt
* \evensidemargin=17.86926pt
* \topmargin=-18.78465pt
* \headheight=12.0pt
* \headsep=19.8738pt
* \topskip=12.0pt
* \footskip=30.0pt
* \marginparwidth=50.0pt
* \marginparsep=7.0pt
* \columnsep=10.0pt
* \skip\footins=10.8pt plus 4.0pt minus 2.0pt
* \hoffset=0.0pt
* \voffset=0.0pt
* \mag=1000
* \@twocolumnfalse
* \@twosidetrue
* \@mparswitchtrue
* \@reversemarginfalse
* (1in=72.27pt=25.4mm, 1cm=28.453pt)

\c@lstlisting=\count294
[1



{C:/Users/Ferna/AppData/Local/MiKTeX/fonts/map/pdftex/pdftex.map}] [2

]
(main.toc [3])
\tf@toc=\write3
\openout3 = `main.toc'.

 [4]
\openout2 = `./TeX_files/busquedas.aux'.

 (TeX_files/busquedas.tex) [1



]
\openout2 = `./TeX_files/busqueda_lineal.aux'.

 (TeX_files/busqueda_lineal.tex [2




]
Underfull \vbox (badness 10000) has occurred while \output is active []

 [3]
[4] [5] [6]
<resources/images/escaleras.png, id=42, 660.21657pt x 306.39468pt>
File: resources/images/escaleras.png Graphic file (type png)
<use resources/images/escaleras.png>
Package pdftex.def Info: resources/images/escaleras.png  used on input line 151
.
(pdftex.def)             Requested size: 165.05373pt x 76.59848pt.
 [7]) [8 <./resources/images/escaleras.png>]
\openout2 = `./TeX_files/busqueda_lineal_func.aux'.


(TeX_files/busqueda_lineal_func.tex
Underfull \vbox (badness 2351) has occurred while \output is active []

 [9



]
[10]
Underfull \vbox (badness 10000) has occurred while \output is active []

 [11]
[12]
Overfull \hbox (22.08pt too wide) in paragraph at lines 132--157
[]
 []


Underfull \hbox (badness 10000) in paragraph at lines 132--157

 []

[13]
Overfull \hbox (2.00807pt too wide) in paragraph at lines 170--171
 \OT1/cmr/bx/n/12 Prob-lema 1.2.2[] \OT1/cmr/m/n/12 Un n^^Sumero capic^^Sua es 
aquel que no cam-bia cuando
 []


Underfull \vbox (badness 1005) has occurred while \output is active []

 [14])
[15]
\openout2 = `./TeX_files/busqueda_completa.aux'.

 (TeX_files/busqueda_completa.tex [16




]
Underfull \vbox (badness 10000) has occurred while \output is active []

 [17])
[18]
\openout2 = `./TeX_files/iterar_pares.aux'.

 (TeX_files/iterar_pares.tex
Underfull \vbox (badness 4429) has occurred while \output is active []

 [19




]
[20]
Underfull \vbox (badness 10000) has occurred while \output is active []

 [21]
[22] [23] [24]
Overfull \hbox (1.23772pt too wide) in paragraph at lines 217--218
[]\OT1/cmr/m/n/12 Adem^^Sas, tu cal-cu-laste cuanto dinero ob-tendr^^S^^Pas si 
com-pras cada celda,
 []

[25]
<resources/images/terrenos.png, id=111, 956.07187pt x 624.08156pt>
File: resources/images/terrenos.png Graphic file (type png)
<use resources/images/terrenos.png>
Package pdftex.def Info: resources/images/terrenos.png  used on input line 222.

(pdftex.def)             Requested size: 143.40459pt x 93.60818pt.
<resources/images/terrenos2.png, id=112, 956.07187pt x 624.08156pt>
File: resources/images/terrenos2.png Graphic file (type png)
<use resources/images/terrenos2.png>
Package pdftex.def Info: resources/images/terrenos2.png  used on input line 228
.
(pdftex.def)             Requested size: 143.40459pt x 93.60818pt.
 [26 <./resources/images/terrenos.png> <./resources/images/terrenos2.png>]) [27
]
\openout2 = `./TeX_files/subcojuntos.aux'.

 (TeX_files/subcojuntos.tex [28




] [29] [30] [31]
<resources/images/subconjuntos1.png, id=134, 1339.25343pt x 919.93687pt>
File: resources/images/subconjuntos1.png Graphic file (type png)
<use resources/images/subconjuntos1.png>
Package pdftex.def Info: resources/images/subconjuntos1.png  used on input line
 88.
(pdftex.def)             Requested size: 200.87935pt x 137.98457pt.

Overfull \hbox (10.20012pt too wide) in paragraph at lines 95--96
[]\OT1/cmr/m/n/12 Si lo quieres ver en for-mula ser^^S^^Pa sim-i-lar a $\OML/cm
m/m/it/12 S\OT1/cmr/m/n/12 (\OML/cmm/m/it/12 ABCD\OT1/cmr/m/n/12 ) = \OML/cmm/m
/it/12 A \OMS/cmsy/m/n/12 ! \OML/cmm/m/it/12 S\OT1/cmr/m/n/12 (\OML/cmm/m/it/12
 BCD\OT1/cmr/m/n/12 ) \OMS/cmsy/m/n/12 [
 []

[32 <./resources/images/subconjuntos1.png>]
Underfull \vbox (badness 10000) has occurred while \output is active []

 [33]
Underfull \vbox (badness 10000) has occurred while \output is active []

 [34]
<resources/images/AB.png, id=146, 1882.03125pt x 770.88pt>
File: resources/images/AB.png Graphic file (type png)
<use resources/images/AB.png>
Package pdftex.def Info: resources/images/AB.png  used on input line 146.
(pdftex.def)             Requested size: 282.29251pt x 115.627pt.

[35 <./resources/images/AB.png>] [36] [37] [38] [39] [40]) [41]
\openout2 = `./TeX_files/exhaustiva.aux'.


(TeX_files/exhaustiva.tex [42




]
<resources/images/decisiones.png, id=173, 1355.0625pt x 451.6875pt>
File: resources/images/decisiones.png Graphic file (type png)
<use resources/images/decisiones.png>
Package pdftex.def Info: resources/images/decisiones.png  used on input line 11
.
(pdftex.def)             Requested size: 271.00769pt x 90.33589pt.

Underfull \vbox (badness 10000) has occurred while \output is active []

 [43 <./resources/images/decisiones.png>]
Underfull \vbox (badness 10000) has occurred while \output is active []

 [44]
[45]
Underfull \vbox (badness 10000) has occurred while \output is active []

 [46]
Overfull \hbox (1.46828pt too wide) in paragraph at lines 131--132
[]\OT1/cmr/m/n/12 Entiende porque los dos c^^Sodigos son iguales antes de con-t
in-uar, prueba
 []


Underfull \vbox (badness 10000) has occurred while \output is active []

 [47]
<resources/images/forbrute.png, id=191, 658.71094pt x 488.57532pt>
File: resources/images/forbrute.png Graphic file (type png)
<use resources/images/forbrute.png>
Package pdftex.def Info: resources/images/forbrute.png  used on input line 135.

(pdftex.def)             Requested size: 197.61479pt x 146.57372pt.
<resources/images/paresrec.png, id=192, 737.75626pt x 609.02531pt>
File: resources/images/paresrec.png Graphic file (type png)
<use resources/images/paresrec.png>
Package pdftex.def Info: resources/images/paresrec.png  used on input line 141.

(pdftex.def)             Requested size: 221.32858pt x 182.709pt.

Underfull \vbox (badness 10000) has occurred while \output is active []

 [48 <./resources/images/forbrute.png> <./resources/images/paresrec.png>]
Underfull \vbox (badness 8019) has occurred while \output is active []

 [49]
[50]
Underfull \vbox (badness 10000) has occurred while \output is active []

 [51]
Underfull \vbox (badness 10000) has occurred while \output is active []

 [52])
[53]
\openout2 = `./TeX_files/busqueda_binaria.aux'.

 (TeX_files/busqueda_binaria.tex [54




]
Underfull \vbox (badness 10000) has occurred while \output is active []

 [55]
Underfull \vbox (badness 10000) has occurred while \output is active []

 [56]
[57] [58] [59]
Underfull \vbox (badness 10000) has occurred while \output is active []

 [60]
Underfull \vbox (badness 2005) has occurred while \output is active []

 [61]
[62] [63]
Overfull \hbox (12.36955pt too wide) in paragraph at lines 271--272
[]\OT1/cmr/m/n/12 Por supuesto, el prob-lema an-te-rior tiene cor-recci^^Son pa
ra que la b^^Susqueda
 []

[64]
Overfull \hbox (56.67165pt too wide) in paragraph at lines 282--283
[]\OT1/cmr/m/n/12 Deber^^Sas im-ple-men-tar una funci^^Son [][]\OT1/cmtt/m/n/12
 void adivina(long long a, long long b)
 []


Overfull \hbox (82.06654pt too wide) in paragraph at lines 284--285
[]\OT1/cmr/m/n/12 Para adiv-inar el n^^Sumero podr^^Sas lla-mar a la funci^^Son
 [][]\OT1/cmtt/m/n/12 long long pista(long long x)[]\OT1/cmr/m/n/12 . 
 []

[65]
<resources/images/domino6.png, id=254, 498.36188pt x 412.54124pt>
File: resources/images/domino6.png Graphic file (type png)
<use resources/images/domino6.png>
Package pdftex.def Info: resources/images/domino6.png  used on input line 322.
(pdftex.def)             Requested size: 199.34122pt x 165.01357pt.
<resources/images/domino2.png, id=255, 227.34938pt x 214.55156pt>
File: resources/images/domino2.png Graphic file (type png)
<use resources/images/domino2.png>
Package pdftex.def Info: resources/images/domino2.png  used on input line 327.
(pdftex.def)             Requested size: 90.93813pt x 85.81909pt.

Underfull \vbox (badness 10000) has occurred while \output is active []

 [66 <./resources/images/domino6.png> <./resources/images/domino2.png>] [67]
Overfull \hbox (1.76967pt too wide) in paragraph at lines 376--401
[]  
 []


Underfull \vbox (badness 10000) has occurred while \output is active []

 [68]
Underfull \hbox (badness 10000) in paragraph at lines 415--417

 []

[69] [70]
Underfull \hbox (badness 10000) in paragraph at lines 482--483

 []

[71] [72] [73] [74]
Overfull \hbox (3.08818pt too wide) in paragraph at lines 595--596
\OT1/cmr/m/n/10.95 En C++ hay al-gu-nas fun-ciones ya pro-gra-madas que pueden 
hacer b^^Susqueda
 []

) [75]
\openout2 = `./TeX_files/busqueda_dfs.aux'.

 (TeX_files/busqueda_dfs.tex [76




]) [77]
\openout2 = `./TeX_files/busqueda_bfs.aux'.

 (TeX_files/busqueda_bfs.tex
[78




]) [79]
\openout2 = `./TeX_files/problemas.aux'.

 (TeX_files/problemas.tex [80




] [81]
<resources/images/mapasOMI2020.png, id=311, 461.725pt x 301.125pt>
File: resources/images/mapasOMI2020.png Graphic file (type png)
<use resources/images/mapasOMI2020.png>
Package pdftex.def Info: resources/images/mapasOMI2020.png  used on input line 
32.
(pdftex.def)             Requested size: 253.94954pt x 165.61925pt.

Overfull \hbox (11.32051pt too wide) in paragraph at lines 44--78
[]
 []


Underfull \hbox (badness 10000) in paragraph at lines 44--78

 []

[82 <./resources/images/mapasOMI2020.png (PNG copy)>] [83] [84] [85] [86])
[87] [88



]
\openout2 = `./TeX_files/extra.aux'.

 (TeX_files/extra.tex) [89


] (main.aux (TeX_files/busquedas.aux)
(TeX_files/busqueda_lineal.aux) (TeX_files/busqueda_lineal_func.aux)
(TeX_files/busqueda_completa.aux) (TeX_files/iterar_pares.aux)
(TeX_files/subcojuntos.aux) (TeX_files/exhaustiva.aux)
(TeX_files/busqueda_binaria.aux) (TeX_files/busqueda_dfs.aux)
(TeX_files/busqueda_bfs.aux) (TeX_files/problemas.aux) (TeX_files/extra.aux)) )
 
Here is how much of TeX's memory you used:
 6248 strings out of 478614
 107162 string characters out of 2843122
 635226 words of memory out of 3000000
 24239 multiletter control sequences out of 15000+600000
 480039 words of font info for 66 fonts, out of 8000000 for 9000
 1141 hyphenation exceptions out of 8191
 55i,15n,62p,710b,1645s stack positions out of 10000i,1000n,20000p,200000b,80000s
 <C:\Users\Ferna\AppData\Local\MiKTeX\fonts/pk/ljfour/jknappen/ec/dpi600\tcrm10
95.pk> <C:\Users\Ferna\AppData\Local\MiKTeX\fonts/pk/ljfour/jknappen/ec/dpi600\
tcrm1200.pk><C:/Users/Ferna/AppData/Local/Programs/MiKTeX/fonts/type1/public/am
sfonts/cm/cmbx10.pfb><C:/Users/Ferna/AppData/Local/Programs/MiKTeX/fonts/type1/
public/amsfonts/cm/cmbx12.pfb><C:/Users/Ferna/AppData/Local/Programs/MiKTeX/fon
ts/type1/public/amsfonts/cm/cmmi10.pfb><C:/Users/Ferna/AppData/Local/Programs/M
iKTeX/fonts/type1/public/amsfonts/cm/cmmi12.pfb><C:/Users/Ferna/AppData/Local/P
rograms/MiKTeX/fonts/type1/public/amsfonts/cm/cmmi7.pfb><C:/Users/Ferna/AppData
/Local/Programs/MiKTeX/fonts/type1/public/amsfonts/cm/cmmi8.pfb><C:/Users/Ferna
/AppData/Local/Programs/MiKTeX/fonts/type1/public/amsfonts/cm/cmr10.pfb><C:/Use
rs/Ferna/AppData/Local/Programs/MiKTeX/fonts/type1/public/amsfonts/cm/cmr12.pfb
><C:/Users/Ferna/AppData/Local/Programs/MiKTeX/fonts/type1/public/amsfonts/cm/c
mr17.pfb><C:/Users/Ferna/AppData/Local/Programs/MiKTeX/fonts/type1/public/amsfo
nts/cm/cmr6.pfb><C:/Users/Ferna/AppData/Local/Programs/MiKTeX/fonts/type1/publi
c/amsfonts/cm/cmr7.pfb><C:/Users/Ferna/AppData/Local/Programs/MiKTeX/fonts/type
1/public/amsfonts/cm/cmr8.pfb><C:/Users/Ferna/AppData/Local/Programs/MiKTeX/fon
ts/type1/public/amsfonts/cm/cmsl12.pfb><C:/Users/Ferna/AppData/Local/Programs/M
iKTeX/fonts/type1/public/amsfonts/cm/cmsy10.pfb><C:/Users/Ferna/AppData/Local/P
rograms/MiKTeX/fonts/type1/public/amsfonts/cm/cmsy8.pfb><C:/Users/Ferna/AppData
/Local/Programs/MiKTeX/fonts/type1/public/amsfonts/cm/cmtt10.pfb><C:/Users/Fern
a/AppData/Local/Programs/MiKTeX/fonts/type1/public/amsfonts/cm/cmtt12.pfb>
Output written on main.pdf (93 pages, 748532 bytes).
PDF statistics:
 419 PDF objects out of 1000 (max. 8388607)
 0 named destinations out of 1000 (max. 500000)
 56 words of extra memory for PDF output out of 10000 (max. 10000000)

